<?xml version="1.0" encoding="UTF-8"?>
<!-- Generated by org.testng.reporters.JUnitReportReporter -->
<testsuite hostname="DESKTOP-SG2RKPH" failures="0" tests="1" name="com.orangehrm.test.Dummyclass" time="3.877" errors="0" timestamp="2025-10-30T10:32:50 IST" skipped="0">
  <testcase classname="com.orangehrm.test.Dummyclass" name="dummytest" time="3.877"/>
  <system-out/>
</testsuite> <!-- com.orangehrm.test.Dummyclass -->
